[2022-09-27 11:24:19,476] multiqc                                            [DEBUG  ]  No MultiQC config found: /usr/local/lib/python3.6/dist-packages/multiqc_config.yaml
[2022-09-27 11:24:19,477] multiqc                                            [DEBUG  ]  No MultiQC config found: /stor/home/cdm4677/.multiqc_config.yaml
[2022-09-27 11:24:19,477] multiqc                                            [DEBUG  ]  No MultiQC config found: multiqc_config.yaml
[2022-09-27 11:24:19,477] multiqc                                            [DEBUG  ]  Command used: /usr/local/bin/multiqc -f .
[2022-09-27 11:24:20,050] multiqc                                            [WARNING]  MultiQC Version v1.13 now available!
[2022-09-27 11:24:20,050] multiqc                                            [INFO   ]  This is MultiQC v1.9
[2022-09-27 11:24:20,050] multiqc                                            [DEBUG  ]  Command     : /usr/local/bin/multiqc -f .
[2022-09-27 11:24:20,050] multiqc                                            [DEBUG  ]  Working dir : /stor/work/FRI-BigDataBio/ms_alcohol/Melamed_tagseq/fastqc/JA20122_fastqc
[2022-09-27 11:24:20,050] multiqc                                            [INFO   ]  Template    : default
[2022-09-27 11:24:20,050] multiqc                                            [DEBUG  ]  Running Python 3.6.9 (default, Jun 29 2022, 11:45:57)  [GCC 8.4.0]
[2022-09-27 11:24:20,050] multiqc                                            [INFO   ]  Searching   : /stor/work/FRI-BigDataBio/ms_alcohol/Melamed_tagseq/fastqc/JA20122_fastqc
[2022-09-27 11:24:20,051] multiqc                                            [DEBUG  ]  Analysing modules: custom_content, conpair, peddy, somalier, methylQA, mosdepth, phantompeakqualtools, qualimap, preseq, quast, qorts, rna_seqc, rockhopper, rsem, rseqc, busco, goleft_indexcov, disambiguate, supernova, deeptools, sargasso, verifybamid, mirtrace, happy, mirtop, homer, macs2, theta2, snpeff, gatk, htseq, bcftools, featureCounts, fgbio, dragen, dedup, damageprofiler, biobambam2, mtnucratio, picard, prokka, samblaster, samtools, sexdeterrmine, bamtools, jellyfish, vcftools, longranger, stacks, varscan2, bbmap, bismark, biscuit, hicexplorer, hicup, hicpro, salmon, kallisto, slamdunk, star, hisat2, tophat, bowtie2, bowtie1, snpsplit, kat, leehom, adapterRemoval, clipandmerge, cutadapt, flexbar, kaiju, kraken, malt, trimmomatic, sickle, skewer, sortmerna, biobloomtools, fastq_screen, afterqc, fastp, fastqc, pycoqc, minionqc, multivcfanalyzer, clusterflow, bcl2fastq, interop, ivar, flash, seqyclean
[2022-09-27 11:24:20,051] multiqc                                            [DEBUG  ]  Using temporary directory for creating report: /tmp/tmpocetmzw7
[2022-09-27 11:24:20,337] multiqc                                            [DEBUG  ]  File ignored by hicexplorer because it exceeded search pattern filesize limit: fastqc.fo
[2022-09-27 11:24:20,339] multiqc                                            [DEBUG  ]  File ignored by longranger/invocation because it exceeded search pattern filesize limit: fastqc.fo
[2022-09-27 11:24:20,353] multiqc                                            [DEBUG  ]  Ignoring file as matched an ignore pattern: fastqc_report.html
[2022-09-27 11:24:20,369] multiqc                                            [DEBUG  ]  Ignoring file as matched an ignore pattern: fastqc_report.html
[2022-09-27 11:24:20,373] multiqc                                            [DEBUG  ]  File ignored by hicexplorer because it exceeded search pattern filesize limit: fastqc.fo
[2022-09-27 11:24:20,374] multiqc                                            [DEBUG  ]  File ignored by longranger/invocation because it exceeded search pattern filesize limit: fastqc.fo
[2022-09-27 11:24:20,404] multiqc                                            [DEBUG  ]  Ignoring file as matched an ignore pattern: fastqc_report.html
[2022-09-27 11:24:20,407] multiqc                                            [DEBUG  ]  File ignored by hicexplorer because it exceeded search pattern filesize limit: fastqc.fo
[2022-09-27 11:24:20,409] multiqc                                            [DEBUG  ]  File ignored by longranger/invocation because it exceeded search pattern filesize limit: fastqc.fo
[2022-09-27 11:24:20,446] multiqc                                            [DEBUG  ]  File ignored by hicexplorer because it exceeded search pattern filesize limit: fastqc.fo
[2022-09-27 11:24:20,447] multiqc                                            [DEBUG  ]  File ignored by longranger/invocation because it exceeded search pattern filesize limit: fastqc.fo
[2022-09-27 11:24:20,450] multiqc                                            [DEBUG  ]  Ignoring file as matched an ignore pattern: fastqc_report.html
[2022-09-27 11:24:20,483] multiqc                                            [DEBUG  ]  Ignoring file as matched an ignore pattern: fastqc_report.html
[2022-09-27 11:24:20,488] multiqc                                            [DEBUG  ]  File ignored by hicexplorer because it exceeded search pattern filesize limit: fastqc.fo
[2022-09-27 11:24:20,490] multiqc                                            [DEBUG  ]  File ignored by longranger/invocation because it exceeded search pattern filesize limit: fastqc.fo
[2022-09-27 11:24:20,511] multiqc                                            [DEBUG  ]  Ignoring file as matched an ignore pattern: fastqc_report.html
[2022-09-27 11:24:20,524] multiqc                                            [DEBUG  ]  File ignored by hicexplorer because it exceeded search pattern filesize limit: fastqc.fo
[2022-09-27 11:24:20,526] multiqc                                            [DEBUG  ]  File ignored by longranger/invocation because it exceeded search pattern filesize limit: fastqc.fo
[2022-09-27 11:24:20,556] multiqc                                            [DEBUG  ]  Ignoring file as matched an ignore pattern: fastqc_report.html
[2022-09-27 11:24:20,562] multiqc                                            [DEBUG  ]  File ignored by hicexplorer because it exceeded search pattern filesize limit: fastqc.fo
[2022-09-27 11:24:20,563] multiqc                                            [DEBUG  ]  File ignored by longranger/invocation because it exceeded search pattern filesize limit: fastqc.fo
[2022-09-27 11:24:20,585] multiqc                                            [DEBUG  ]  Ignoring file as matched an ignore pattern: fastqc_report.html
[2022-09-27 11:24:20,589] multiqc                                            [DEBUG  ]  File ignored by hicexplorer because it exceeded search pattern filesize limit: fastqc.fo
[2022-09-27 11:24:20,591] multiqc                                            [DEBUG  ]  File ignored by longranger/invocation because it exceeded search pattern filesize limit: fastqc.fo
[2022-09-27 11:24:20,628] multiqc                                            [DEBUG  ]  File ignored by hicexplorer because it exceeded search pattern filesize limit: fastqc.fo
[2022-09-27 11:24:20,630] multiqc                                            [DEBUG  ]  File ignored by longranger/invocation because it exceeded search pattern filesize limit: fastqc.fo
[2022-09-27 11:24:20,634] multiqc                                            [DEBUG  ]  Ignoring file as matched an ignore pattern: fastqc_report.html
[2022-09-27 11:24:20,652] multiqc                                            [DEBUG  ]  Ignoring file as matched an ignore pattern: fastqc_report.html
[2022-09-27 11:24:20,656] multiqc                                            [DEBUG  ]  File ignored by hicexplorer because it exceeded search pattern filesize limit: fastqc.fo
[2022-09-27 11:24:20,657] multiqc                                            [DEBUG  ]  File ignored by longranger/invocation because it exceeded search pattern filesize limit: fastqc.fo
[2022-09-27 11:24:20,687] multiqc                                            [DEBUG  ]  Ignoring file as matched an ignore pattern: fastqc_report.html
[2022-09-27 11:24:20,700] multiqc                                            [DEBUG  ]  File ignored by hicexplorer because it exceeded search pattern filesize limit: fastqc.fo
[2022-09-27 11:24:20,702] multiqc                                            [DEBUG  ]  File ignored by longranger/invocation because it exceeded search pattern filesize limit: fastqc.fo
[2022-09-27 11:24:20,723] multiqc                                            [DEBUG  ]  Ignoring file as matched an ignore pattern: fastqc_report.html
[2022-09-27 11:24:20,727] multiqc                                            [DEBUG  ]  File ignored by hicexplorer because it exceeded search pattern filesize limit: fastqc.fo
[2022-09-27 11:24:20,728] multiqc                                            [DEBUG  ]  File ignored by longranger/invocation because it exceeded search pattern filesize limit: fastqc.fo
[2022-09-27 11:24:20,762] multiqc                                            [DEBUG  ]  File ignored by hicexplorer because it exceeded search pattern filesize limit: fastqc.fo
[2022-09-27 11:24:20,764] multiqc                                            [DEBUG  ]  File ignored by longranger/invocation because it exceeded search pattern filesize limit: fastqc.fo
[2022-09-27 11:24:20,766] multiqc                                            [DEBUG  ]  Ignoring file as matched an ignore pattern: fastqc_report.html
[2022-09-27 11:24:20,792] multiqc                                            [DEBUG  ]  Ignoring file as matched an ignore pattern: fastqc_report.html
[2022-09-27 11:24:20,795] multiqc                                            [DEBUG  ]  File ignored by hicexplorer because it exceeded search pattern filesize limit: fastqc.fo
[2022-09-27 11:24:20,797] multiqc                                            [DEBUG  ]  File ignored by longranger/invocation because it exceeded search pattern filesize limit: fastqc.fo
[2022-09-27 11:24:20,839] multiqc                                            [DEBUG  ]  File ignored by hicexplorer because it exceeded search pattern filesize limit: fastqc.fo
[2022-09-27 11:24:20,840] multiqc                                            [DEBUG  ]  File ignored by longranger/invocation because it exceeded search pattern filesize limit: fastqc.fo
[2022-09-27 11:24:20,844] multiqc                                            [DEBUG  ]  Ignoring file as matched an ignore pattern: fastqc_report.html
[2022-09-27 11:24:20,866] multiqc                                            [DEBUG  ]  File ignored by hicexplorer because it exceeded search pattern filesize limit: fastqc.fo
[2022-09-27 11:24:20,867] multiqc                                            [DEBUG  ]  File ignored by longranger/invocation because it exceeded search pattern filesize limit: fastqc.fo
[2022-09-27 11:24:20,881] multiqc                                            [DEBUG  ]  Ignoring file as matched an ignore pattern: fastqc_report.html
[2022-09-27 11:24:20,911] multiqc                                            [DEBUG  ]  File ignored by hicexplorer because it exceeded search pattern filesize limit: fastqc.fo
[2022-09-27 11:24:20,913] multiqc                                            [DEBUG  ]  File ignored by longranger/invocation because it exceeded search pattern filesize limit: fastqc.fo
[2022-09-27 11:24:20,919] multiqc                                            [DEBUG  ]  Ignoring file as matched an ignore pattern: fastqc_report.html
[2022-09-27 11:24:20,939] multiqc                                            [DEBUG  ]  Ignoring file as matched an ignore pattern: fastqc_report.html
[2022-09-27 11:24:20,942] multiqc                                            [DEBUG  ]  File ignored by hicexplorer because it exceeded search pattern filesize limit: fastqc.fo
[2022-09-27 11:24:20,943] multiqc                                            [DEBUG  ]  File ignored by longranger/invocation because it exceeded search pattern filesize limit: fastqc.fo
[2022-09-27 11:24:20,985] multiqc                                            [DEBUG  ]  Ignoring file as matched an ignore pattern: fastqc_report.html
[2022-09-27 11:24:20,991] multiqc                                            [DEBUG  ]  File ignored by hicexplorer because it exceeded search pattern filesize limit: fastqc.fo
[2022-09-27 11:24:20,993] multiqc                                            [DEBUG  ]  File ignored by longranger/invocation because it exceeded search pattern filesize limit: fastqc.fo
[2022-09-27 11:24:21,024] multiqc                                            [DEBUG  ]  File ignored by hicexplorer because it exceeded search pattern filesize limit: fastqc.fo
[2022-09-27 11:24:21,026] multiqc                                            [DEBUG  ]  File ignored by longranger/invocation because it exceeded search pattern filesize limit: fastqc.fo
[2022-09-27 11:24:21,030] multiqc                                            [DEBUG  ]  Ignoring file as matched an ignore pattern: fastqc_report.html
[2022-09-27 11:24:21,047] multiqc                                            [DEBUG  ]  Ignoring file as matched an ignore pattern: fastqc_report.html
[2022-09-27 11:24:21,060] multiqc                                            [DEBUG  ]  File ignored by hicexplorer because it exceeded search pattern filesize limit: fastqc.fo
[2022-09-27 11:24:21,062] multiqc                                            [DEBUG  ]  File ignored by longranger/invocation because it exceeded search pattern filesize limit: fastqc.fo
[2022-09-27 11:24:21,087] multiqc                                            [DEBUG  ]  File ignored by hicexplorer because it exceeded search pattern filesize limit: fastqc.fo
[2022-09-27 11:24:21,088] multiqc                                            [DEBUG  ]  File ignored by longranger/invocation because it exceeded search pattern filesize limit: fastqc.fo
[2022-09-27 11:24:21,102] multiqc                                            [DEBUG  ]  Ignoring file as matched an ignore pattern: fastqc_report.html
[2022-09-27 11:24:21,126] multiqc                                            [DEBUG  ]  Ignoring file as matched an ignore pattern: fastqc_report.html
[2022-09-27 11:24:21,132] multiqc                                            [DEBUG  ]  File ignored by hicexplorer because it exceeded search pattern filesize limit: fastqc.fo
[2022-09-27 11:24:21,133] multiqc                                            [DEBUG  ]  File ignored by longranger/invocation because it exceeded search pattern filesize limit: fastqc.fo
[2022-09-27 11:24:21,166] multiqc                                            [DEBUG  ]  File ignored by hicexplorer because it exceeded search pattern filesize limit: fastqc.fo
[2022-09-27 11:24:21,168] multiqc                                            [DEBUG  ]  File ignored by longranger/invocation because it exceeded search pattern filesize limit: fastqc.fo
[2022-09-27 11:24:21,172] multiqc                                            [DEBUG  ]  Ignoring file as matched an ignore pattern: fastqc_report.html
[2022-09-27 11:24:21,194] multiqc                                            [DEBUG  ]  File ignored by hicexplorer because it exceeded search pattern filesize limit: fastqc.fo
[2022-09-27 11:24:21,195] multiqc                                            [DEBUG  ]  File ignored by longranger/invocation because it exceeded search pattern filesize limit: fastqc.fo
[2022-09-27 11:24:21,212] multiqc                                            [DEBUG  ]  Ignoring file as matched an ignore pattern: fastqc_report.html
[2022-09-27 11:24:21,234] multiqc                                            [DEBUG  ]  File ignored by hicexplorer because it exceeded search pattern filesize limit: fastqc.fo
[2022-09-27 11:24:21,237] multiqc                                            [DEBUG  ]  File ignored by longranger/invocation because it exceeded search pattern filesize limit: fastqc.fo
[2022-09-27 11:24:21,249] multiqc                                            [DEBUG  ]  Ignoring file as matched an ignore pattern: fastqc_report.html
[2022-09-27 11:24:21,269] multiqc                                            [DEBUG  ]  Ignoring file as matched an ignore pattern: fastqc_report.html
[2022-09-27 11:24:21,272] multiqc                                            [DEBUG  ]  File ignored by hicexplorer because it exceeded search pattern filesize limit: fastqc.fo
[2022-09-27 11:24:21,274] multiqc                                            [DEBUG  ]  File ignored by longranger/invocation because it exceeded search pattern filesize limit: fastqc.fo
[2022-09-27 11:24:21,303] multiqc                                            [DEBUG  ]  Ignoring file as matched an ignore pattern: fastqc_report.html
[2022-09-27 11:24:21,307] multiqc                                            [DEBUG  ]  File ignored by hicexplorer because it exceeded search pattern filesize limit: fastqc.fo
[2022-09-27 11:24:21,308] multiqc                                            [DEBUG  ]  File ignored by longranger/invocation because it exceeded search pattern filesize limit: fastqc.fo
[2022-09-27 11:24:21,347] multiqc                                            [DEBUG  ]  Ignoring file as matched an ignore pattern: fastqc_report.html
[2022-09-27 11:24:21,352] multiqc                                            [DEBUG  ]  File ignored by hicexplorer because it exceeded search pattern filesize limit: fastqc.fo
[2022-09-27 11:24:21,354] multiqc                                            [DEBUG  ]  File ignored by longranger/invocation because it exceeded search pattern filesize limit: fastqc.fo
[2022-09-27 11:24:21,389] multiqc                                            [DEBUG  ]  File ignored by hicexplorer because it exceeded search pattern filesize limit: fastqc.fo
[2022-09-27 11:24:21,391] multiqc                                            [DEBUG  ]  File ignored by longranger/invocation because it exceeded search pattern filesize limit: fastqc.fo
[2022-09-27 11:24:21,396] multiqc                                            [DEBUG  ]  Ignoring file as matched an ignore pattern: fastqc_report.html
[2022-09-27 11:24:21,421] multiqc                                            [DEBUG  ]  Ignoring file as matched an ignore pattern: fastqc_report.html
[2022-09-27 11:24:21,426] multiqc                                            [DEBUG  ]  File ignored by hicexplorer because it exceeded search pattern filesize limit: fastqc.fo
[2022-09-27 11:24:21,428] multiqc                                            [DEBUG  ]  File ignored by longranger/invocation because it exceeded search pattern filesize limit: fastqc.fo
[2022-09-27 11:24:21,454] multiqc                                            [DEBUG  ]  File ignored by hicexplorer because it exceeded search pattern filesize limit: fastqc.fo
[2022-09-27 11:24:21,455] multiqc                                            [DEBUG  ]  File ignored by longranger/invocation because it exceeded search pattern filesize limit: fastqc.fo
[2022-09-27 11:24:21,459] multiqc                                            [DEBUG  ]  Ignoring file as matched an ignore pattern: fastqc_report.html
[2022-09-27 11:24:21,497] multiqc                                            [DEBUG  ]  Ignoring file as matched an ignore pattern: fastqc_report.html
[2022-09-27 11:24:21,502] multiqc                                            [DEBUG  ]  File ignored by hicexplorer because it exceeded search pattern filesize limit: fastqc.fo
[2022-09-27 11:24:21,504] multiqc                                            [DEBUG  ]  File ignored by longranger/invocation because it exceeded search pattern filesize limit: fastqc.fo
[2022-09-27 11:24:21,531] multiqc                                            [DEBUG  ]  File ignored by hicexplorer because it exceeded search pattern filesize limit: fastqc.fo
[2022-09-27 11:24:21,533] multiqc                                            [DEBUG  ]  File ignored by longranger/invocation because it exceeded search pattern filesize limit: fastqc.fo
[2022-09-27 11:24:21,546] multiqc                                            [DEBUG  ]  Ignoring file as matched an ignore pattern: fastqc_report.html
[2022-09-27 11:24:21,569] multiqc                                            [DEBUG  ]  Ignoring file as matched an ignore pattern: fastqc_report.html
[2022-09-27 11:24:21,575] multiqc                                            [DEBUG  ]  File ignored by hicexplorer because it exceeded search pattern filesize limit: fastqc.fo
[2022-09-27 11:24:21,577] multiqc                                            [DEBUG  ]  File ignored by longranger/invocation because it exceeded search pattern filesize limit: fastqc.fo
[2022-09-27 11:24:21,602] multiqc                                            [DEBUG  ]  Ignoring file as matched an ignore pattern: fastqc_report.html
[2022-09-27 11:24:21,616] multiqc                                            [DEBUG  ]  File ignored by hicexplorer because it exceeded search pattern filesize limit: fastqc.fo
[2022-09-27 11:24:21,617] multiqc                                            [DEBUG  ]  File ignored by longranger/invocation because it exceeded search pattern filesize limit: fastqc.fo
[2022-09-27 11:24:21,639] multiqc                                            [DEBUG  ]  Ignoring file as matched an ignore pattern: fastqc_report.html
[2022-09-27 11:24:21,643] multiqc                                            [DEBUG  ]  File ignored by hicexplorer because it exceeded search pattern filesize limit: fastqc.fo
[2022-09-27 11:24:21,644] multiqc                                            [DEBUG  ]  File ignored by longranger/invocation because it exceeded search pattern filesize limit: fastqc.fo
[2022-09-27 11:24:21,675] multiqc                                            [DEBUG  ]  Ignoring file as matched an ignore pattern: fastqc_report.html
[2022-09-27 11:24:21,679] multiqc                                            [DEBUG  ]  File ignored by hicexplorer because it exceeded search pattern filesize limit: fastqc.fo
[2022-09-27 11:24:21,681] multiqc                                            [DEBUG  ]  File ignored by longranger/invocation because it exceeded search pattern filesize limit: fastqc.fo
[2022-09-27 11:24:21,715] multiqc                                            [DEBUG  ]  File ignored by hicexplorer because it exceeded search pattern filesize limit: fastqc.fo
[2022-09-27 11:24:21,716] multiqc                                            [DEBUG  ]  File ignored by longranger/invocation because it exceeded search pattern filesize limit: fastqc.fo
[2022-09-27 11:24:21,720] multiqc                                            [DEBUG  ]  Ignoring file as matched an ignore pattern: fastqc_report.html
[2022-09-27 11:24:21,751] multiqc                                            [DEBUG  ]  File ignored by hicexplorer because it exceeded search pattern filesize limit: fastqc.fo
[2022-09-27 11:24:21,753] multiqc                                            [DEBUG  ]  File ignored by longranger/invocation because it exceeded search pattern filesize limit: fastqc.fo
[2022-09-27 11:24:21,770] multiqc                                            [DEBUG  ]  Ignoring file as matched an ignore pattern: fastqc_report.html
[2022-09-27 11:24:21,786] multiqc                                            [DEBUG  ]  Ignoring file as matched an ignore pattern: fastqc_report.html
[2022-09-27 11:24:21,789] multiqc                                            [DEBUG  ]  File ignored by hicexplorer because it exceeded search pattern filesize limit: fastqc.fo
[2022-09-27 11:24:21,791] multiqc                                            [DEBUG  ]  File ignored by longranger/invocation because it exceeded search pattern filesize limit: fastqc.fo
[2022-09-27 11:24:21,833] multiqc                                            [DEBUG  ]  File ignored by hicexplorer because it exceeded search pattern filesize limit: fastqc.fo
[2022-09-27 11:24:21,835] multiqc                                            [DEBUG  ]  File ignored by longranger/invocation because it exceeded search pattern filesize limit: fastqc.fo
[2022-09-27 11:24:21,840] multiqc                                            [DEBUG  ]  Ignoring file as matched an ignore pattern: fastqc_report.html
[2022-09-27 11:24:21,868] multiqc                                            [DEBUG  ]  Ignoring file as matched an ignore pattern: fastqc_report.html
[2022-09-27 11:24:21,874] multiqc                                            [DEBUG  ]  File ignored by hicexplorer because it exceeded search pattern filesize limit: fastqc.fo
[2022-09-27 11:24:21,876] multiqc                                            [DEBUG  ]  File ignored by longranger/invocation because it exceeded search pattern filesize limit: fastqc.fo
[2022-09-27 11:24:21,900] multiqc                                            [DEBUG  ]  File ignored by hicexplorer because it exceeded search pattern filesize limit: fastqc.fo
[2022-09-27 11:24:21,902] multiqc                                            [DEBUG  ]  File ignored by longranger/invocation because it exceeded search pattern filesize limit: fastqc.fo
[2022-09-27 11:24:21,917] multiqc                                            [DEBUG  ]  Ignoring file as matched an ignore pattern: fastqc_report.html
[2022-09-27 11:24:22,140] multiqc.plots.bargraph                             [DEBUG  ]  Using matplotlib version 3.3.3
[2022-09-27 11:24:22,140] multiqc.plots.linegraph                            [DEBUG  ]  Using matplotlib version 3.3.3
[2022-09-27 11:24:22,140] multiqc                                            [DEBUG  ]  No samples found: custom_content
[2022-09-27 11:24:22,143] multiqc                                            [DEBUG  ]  No samples found: conpair
[2022-09-27 11:24:22,146] multiqc                                            [DEBUG  ]  No samples found: peddy
[2022-09-27 11:24:22,148] multiqc                                            [DEBUG  ]  No samples found: somalier
[2022-09-27 11:24:22,151] multiqc                                            [DEBUG  ]  No samples found: methylQA
[2022-09-27 11:24:22,154] multiqc                                            [DEBUG  ]  No samples found: mosdepth
[2022-09-27 11:24:22,156] multiqc                                            [DEBUG  ]  No samples found: phantompeakqualtools
[2022-09-27 11:24:22,158] multiqc                                            [DEBUG  ]  No samples found: qualimap
[2022-09-27 11:24:22,161] multiqc                                            [DEBUG  ]  No samples found: preseq
[2022-09-27 11:24:22,164] multiqc                                            [DEBUG  ]  No samples found: quast
[2022-09-27 11:24:22,166] multiqc                                            [DEBUG  ]  No samples found: qorts
[2022-09-27 11:24:22,168] multiqc                                            [DEBUG  ]  No samples found: rna_seqc
[2022-09-27 11:24:22,171] multiqc                                            [DEBUG  ]  No samples found: rockhopper
[2022-09-27 11:24:22,173] multiqc                                            [DEBUG  ]  No samples found: rsem
[2022-09-27 11:24:22,177] multiqc                                            [DEBUG  ]  No samples found: rseqc
[2022-09-27 11:24:22,179] multiqc                                            [DEBUG  ]  No samples found: busco
[2022-09-27 11:24:22,182] multiqc                                            [DEBUG  ]  No samples found: goleft_indexcov
[2022-09-27 11:24:22,184] multiqc                                            [DEBUG  ]  No samples found: disambiguate
[2022-09-27 11:24:22,187] multiqc                                            [DEBUG  ]  No samples found: supernova
[2022-09-27 11:24:22,190] multiqc                                            [DEBUG  ]  No samples found: deeptools
[2022-09-27 11:24:22,193] multiqc                                            [DEBUG  ]  No samples found: sargasso
[2022-09-27 11:24:22,197] multiqc                                            [DEBUG  ]  No samples found: verifybamid
[2022-09-27 11:24:22,200] multiqc                                            [DEBUG  ]  No samples found: mirtrace
[2022-09-27 11:24:22,203] multiqc                                            [DEBUG  ]  No samples found: happy
[2022-09-27 11:24:22,205] multiqc                                            [DEBUG  ]  No samples found: mirtop
[2022-09-27 11:24:22,208] multiqc                                            [DEBUG  ]  No samples found: homer
[2022-09-27 11:24:22,210] multiqc                                            [DEBUG  ]  No samples found: macs2
[2022-09-27 11:24:22,213] multiqc                                            [DEBUG  ]  No samples found: theta2
[2022-09-27 11:24:22,215] multiqc                                            [DEBUG  ]  No samples found: snpeff
[2022-09-27 11:24:22,218] multiqc                                            [DEBUG  ]  No samples found: gatk
[2022-09-27 11:24:22,221] multiqc                                            [DEBUG  ]  No samples found: htseq
[2022-09-27 11:24:22,223] multiqc                                            [DEBUG  ]  No samples found: bcftools
[2022-09-27 11:24:22,226] multiqc                                            [DEBUG  ]  No samples found: featureCounts
[2022-09-27 11:24:22,228] multiqc                                            [DEBUG  ]  No samples found: fgbio
[2022-09-27 11:24:22,232] multiqc                                            [DEBUG  ]  No samples found: dragen
[2022-09-27 11:24:22,235] multiqc                                            [DEBUG  ]  No samples found: dedup
[2022-09-27 11:24:22,237] multiqc                                            [DEBUG  ]  No samples found: damageprofiler
[2022-09-27 11:24:22,242] multiqc                                            [DEBUG  ]  No samples found: biobambam2
[2022-09-27 11:24:22,245] multiqc                                            [DEBUG  ]  No samples found: mtnucratio
[2022-09-27 11:24:22,247] multiqc                                            [DEBUG  ]  No samples found: picard
[2022-09-27 11:24:22,250] multiqc                                            [DEBUG  ]  No samples found: prokka
[2022-09-27 11:24:22,252] multiqc                                            [DEBUG  ]  No samples found: samblaster
[2022-09-27 11:24:22,255] multiqc                                            [DEBUG  ]  No samples found: samtools
[2022-09-27 11:24:22,257] multiqc                                            [DEBUG  ]  No samples found: sexdeterrmine
[2022-09-27 11:24:22,260] multiqc                                            [DEBUG  ]  No samples found: bamtools
[2022-09-27 11:24:22,262] multiqc                                            [DEBUG  ]  No samples found: jellyfish
[2022-09-27 11:24:22,265] multiqc                                            [DEBUG  ]  No samples found: vcftools
[2022-09-27 11:24:22,268] multiqc                                            [DEBUG  ]  No samples found: longranger
[2022-09-27 11:24:22,270] multiqc                                            [DEBUG  ]  No samples found: stacks
[2022-09-27 11:24:22,273] multiqc                                            [DEBUG  ]  No samples found: varscan2
[2022-09-27 11:24:22,277] multiqc                                            [DEBUG  ]  No samples found: bbmap
[2022-09-27 11:24:22,279] multiqc                                            [DEBUG  ]  No samples found: bismark
[2022-09-27 11:24:22,282] multiqc                                            [DEBUG  ]  No samples found: biscuit
[2022-09-27 11:24:22,284] multiqc                                            [DEBUG  ]  No samples found: hicexplorer
[2022-09-27 11:24:22,287] multiqc                                            [DEBUG  ]  No samples found: hicup
[2022-09-27 11:24:22,290] multiqc                                            [DEBUG  ]  No samples found: hicpro
[2022-09-27 11:24:22,292] multiqc                                            [DEBUG  ]  No samples found: salmon
[2022-09-27 11:24:22,295] multiqc                                            [DEBUG  ]  No samples found: kallisto
[2022-09-27 11:24:22,297] multiqc                                            [DEBUG  ]  No samples found: slamdunk
[2022-09-27 11:24:22,300] multiqc                                            [DEBUG  ]  No samples found: star
[2022-09-27 11:24:22,302] multiqc                                            [DEBUG  ]  No samples found: hisat2
[2022-09-27 11:24:22,305] multiqc                                            [DEBUG  ]  No samples found: tophat
[2022-09-27 11:24:22,307] multiqc                                            [DEBUG  ]  No samples found: bowtie2
[2022-09-27 11:24:22,310] multiqc                                            [DEBUG  ]  No samples found: bowtie1
[2022-09-27 11:24:22,312] multiqc                                            [DEBUG  ]  No samples found: snpsplit
[2022-09-27 11:24:22,314] multiqc                                            [DEBUG  ]  No samples found: kat
[2022-09-27 11:24:22,317] multiqc                                            [DEBUG  ]  No samples found: leehom
[2022-09-27 11:24:22,320] multiqc                                            [DEBUG  ]  No samples found: adapterRemoval
[2022-09-27 11:24:22,322] multiqc                                            [DEBUG  ]  No samples found: clipandmerge
[2022-09-27 11:24:22,325] multiqc                                            [DEBUG  ]  No samples found: cutadapt
[2022-09-27 11:24:22,327] multiqc                                            [DEBUG  ]  No samples found: flexbar
[2022-09-27 11:24:22,330] multiqc                                            [DEBUG  ]  No samples found: kaiju
[2022-09-27 11:24:22,332] multiqc                                            [DEBUG  ]  No samples found: kraken
[2022-09-27 11:24:22,335] multiqc                                            [DEBUG  ]  No samples found: malt
[2022-09-27 11:24:22,337] multiqc                                            [DEBUG  ]  No samples found: trimmomatic
[2022-09-27 11:24:22,340] multiqc                                            [DEBUG  ]  No samples found: sickle
[2022-09-27 11:24:22,342] multiqc                                            [DEBUG  ]  No samples found: skewer
[2022-09-27 11:24:22,344] multiqc                                            [DEBUG  ]  No samples found: sortmerna
[2022-09-27 11:24:22,347] multiqc                                            [DEBUG  ]  No samples found: biobloomtools
[2022-09-27 11:24:22,349] multiqc                                            [DEBUG  ]  No samples found: fastq_screen
[2022-09-27 11:24:22,352] multiqc                                            [DEBUG  ]  No samples found: afterqc
[2022-09-27 11:24:22,354] multiqc                                            [DEBUG  ]  No samples found: fastp
[2022-09-27 11:24:24,374] multiqc.modules.fastqc.fastqc                      [DEBUG  ]  Duplicate sample name found! Overwriting: 2-ten_S247_concat
[2022-09-27 11:24:24,421] multiqc.modules.fastqc.fastqc                      [DEBUG  ]  Duplicate sample name found! Overwriting: 4-6_S251_concat
[2022-09-27 11:24:24,468] multiqc.modules.fastqc.fastqc                      [DEBUG  ]  Duplicate sample name found! Overwriting: 1-9_S241_concat
[2022-09-27 11:24:24,514] multiqc.modules.fastqc.fastqc                      [DEBUG  ]  Duplicate sample name found! Overwriting: 1-7_S239_concat
[2022-09-27 11:24:24,561] multiqc.modules.fastqc.fastqc                      [DEBUG  ]  Duplicate sample name found! Overwriting: 1B_S212_concat
[2022-09-27 11:24:24,612] multiqc.modules.fastqc.fastqc                      [DEBUG  ]  Duplicate sample name found! Overwriting: 3-8_S250_concat
[2022-09-27 11:24:24,658] multiqc.modules.fastqc.fastqc                      [DEBUG  ]  Duplicate sample name found! Overwriting: 3-1_S231_concat
[2022-09-27 11:24:24,705] multiqc.modules.fastqc.fastqc                      [DEBUG  ]  Duplicate sample name found! Overwriting: 1-2_S224_concat
[2022-09-27 11:24:24,751] multiqc.modules.fastqc.fastqc                      [DEBUG  ]  Duplicate sample name found! Overwriting: 3-6_S248_concat
[2022-09-27 11:24:24,801] multiqc.modules.fastqc.fastqc                      [DEBUG  ]  Duplicate sample name found! Overwriting: 4-1_S235_concat
[2022-09-27 11:24:24,847] multiqc.modules.fastqc.fastqc                      [DEBUG  ]  Duplicate sample name found! Overwriting: 4-4_S238_concat
[2022-09-27 11:24:24,897] multiqc.modules.fastqc.fastqc                      [DEBUG  ]  Duplicate sample name found! Overwriting: 4-2_S236_concat
[2022-09-27 11:24:24,943] multiqc.modules.fastqc.fastqc                      [DEBUG  ]  Duplicate sample name found! Overwriting: 3-2_S232_concat
[2022-09-27 11:24:24,988] multiqc.modules.fastqc.fastqc                      [DEBUG  ]  Duplicate sample name found! Overwriting: 3A_S218_concat
[2022-09-27 11:24:25,034] multiqc.modules.fastqc.fastqc                      [DEBUG  ]  Duplicate sample name found! Overwriting: 4A_S221_concat
[2022-09-27 11:24:25,079] multiqc.modules.fastqc.fastqc                      [DEBUG  ]  Duplicate sample name found! Overwriting: 2-9_S246_concat
[2022-09-27 11:24:25,125] multiqc.modules.fastqc.fastqc                      [DEBUG  ]  Duplicate sample name found! Overwriting: 1A_S211_concat
[2022-09-27 11:24:25,171] multiqc.modules.fastqc.fastqc                      [DEBUG  ]  Duplicate sample name found! Overwriting: 2-3_S229_concat
[2022-09-27 11:24:25,221] multiqc.modules.fastqc.fastqc                      [DEBUG  ]  Duplicate sample name found! Overwriting: 2-4_S230_concat
[2022-09-27 11:24:25,268] multiqc.modules.fastqc.fastqc                      [DEBUG  ]  Duplicate sample name found! Overwriting: 3B_S219_concat
[2022-09-27 11:24:25,314] multiqc.modules.fastqc.fastqc                      [DEBUG  ]  Duplicate sample name found! Overwriting: 1-4_S226_concat
[2022-09-27 11:24:25,360] multiqc.modules.fastqc.fastqc                      [DEBUG  ]  Duplicate sample name found! Overwriting: 2A_S215_concat
[2022-09-27 11:24:25,406] multiqc.modules.fastqc.fastqc                      [DEBUG  ]  Duplicate sample name found! Overwriting: 1-3_S225_concat
[2022-09-27 11:24:25,452] multiqc.modules.fastqc.fastqc                      [DEBUG  ]  Duplicate sample name found! Overwriting: 3-7_S249_concat
[2022-09-27 11:24:25,501] multiqc.modules.fastqc.fastqc                      [DEBUG  ]  Duplicate sample name found! Overwriting: 2-8_S245_concat
[2022-09-27 11:24:25,547] multiqc.modules.fastqc.fastqc                      [DEBUG  ]  Duplicate sample name found! Overwriting: 2-7_S244_concat
[2022-09-27 11:24:25,593] multiqc.modules.fastqc.fastqc                      [DEBUG  ]  Duplicate sample name found! Overwriting: 3-4_S234_concat
[2022-09-27 11:24:25,638] multiqc.modules.fastqc.fastqc                      [DEBUG  ]  Duplicate sample name found! Overwriting: 1-ten_S242_concat
[2022-09-27 11:24:25,684] multiqc.modules.fastqc.fastqc                      [DEBUG  ]  Duplicate sample name found! Overwriting: 4C_S222_concat
[2022-09-27 11:24:25,730] multiqc.modules.fastqc.fastqc                      [DEBUG  ]  Duplicate sample name found! Overwriting: 1-8_S240_concat
[2022-09-27 11:24:25,775] multiqc.modules.fastqc.fastqc                      [DEBUG  ]  Duplicate sample name found! Overwriting: 1C_S213_concat
[2022-09-27 11:24:25,821] multiqc.modules.fastqc.fastqc                      [DEBUG  ]  Duplicate sample name found! Overwriting: 4-9_S254_concat
[2022-09-27 11:24:25,866] multiqc.modules.fastqc.fastqc                      [DEBUG  ]  Duplicate sample name found! Overwriting: 2D_S217_concat
[2022-09-27 11:24:25,912] multiqc.modules.fastqc.fastqc                      [DEBUG  ]  Duplicate sample name found! Overwriting: 2-6_S243_concat
[2022-09-27 11:24:25,958] multiqc.modules.fastqc.fastqc                      [DEBUG  ]  Duplicate sample name found! Overwriting: 2-2_S228_concat
[2022-09-27 11:24:26,003] multiqc.modules.fastqc.fastqc                      [DEBUG  ]  Duplicate sample name found! Overwriting: 2-1_S227_concat
[2022-09-27 11:24:26,049] multiqc.modules.fastqc.fastqc                      [DEBUG  ]  Duplicate sample name found! Overwriting: 3C_S220_concat
[2022-09-27 11:24:26,095] multiqc.modules.fastqc.fastqc                      [DEBUG  ]  Duplicate sample name found! Overwriting: 1D_S214_concat
[2022-09-27 11:24:26,140] multiqc.modules.fastqc.fastqc                      [DEBUG  ]  Duplicate sample name found! Overwriting: 4-3_S237_concat
[2022-09-27 11:24:26,186] multiqc.modules.fastqc.fastqc                      [DEBUG  ]  Duplicate sample name found! Overwriting: 3-3_S233_concat
[2022-09-27 11:24:26,231] multiqc.modules.fastqc.fastqc                      [DEBUG  ]  Duplicate sample name found! Overwriting: 4-8_S253_concat
[2022-09-27 11:24:26,277] multiqc.modules.fastqc.fastqc                      [DEBUG  ]  Duplicate sample name found! Overwriting: 4-7_S252_concat
[2022-09-27 11:24:26,322] multiqc.modules.fastqc.fastqc                      [DEBUG  ]  Duplicate sample name found! Overwriting: 1-1_S223_concat
[2022-09-27 11:24:26,368] multiqc.modules.fastqc.fastqc                      [DEBUG  ]  Duplicate sample name found! Overwriting: 2B_S216_concat
[2022-09-27 11:24:26,410] multiqc.modules.fastqc.fastqc                      [INFO   ]  Found 44 reports
[2022-09-27 11:24:26,753] multiqc                                            [DEBUG  ]  No samples found: pycoqc
[2022-09-27 11:24:26,756] multiqc                                            [DEBUG  ]  No samples found: minionqc
[2022-09-27 11:24:26,759] multiqc                                            [DEBUG  ]  No samples found: multivcfanalyzer
[2022-09-27 11:24:26,761] multiqc                                            [DEBUG  ]  No samples found: clusterflow
[2022-09-27 11:24:26,764] multiqc                                            [DEBUG  ]  No samples found: bcl2fastq
[2022-09-27 11:24:26,766] multiqc                                            [DEBUG  ]  No samples found: interop
[2022-09-27 11:24:26,769] multiqc                                            [DEBUG  ]  No samples found: ivar
[2022-09-27 11:24:26,771] multiqc                                            [DEBUG  ]  No samples found: flash
[2022-09-27 11:24:26,774] multiqc                                            [DEBUG  ]  No samples found: seqyclean
[2022-09-27 11:24:26,812] multiqc                                            [INFO   ]  Compressing plot data
[2022-09-27 11:24:27,286] multiqc                                            [INFO   ]  Report      : multiqc_report.html
[2022-09-27 11:24:27,286] multiqc                                            [INFO   ]  Data        : multiqc_data
[2022-09-27 11:24:27,286] multiqc                                            [DEBUG  ]  Moving data file from '/tmp/tmpocetmzw7/multiqc_data' to '/stor/work/FRI-BigDataBio/ms_alcohol/Melamed_tagseq/fastqc/JA20122_fastqc/multiqc_data'
[2022-09-27 11:24:27,381] multiqc                                            [INFO   ]  MultiQC complete
