[2022-10-04 11:41:47,793] multiqc                                            [DEBUG  ]  No MultiQC config found: /usr/local/lib/python3.6/dist-packages/multiqc_config.yaml
[2022-10-04 11:41:47,793] multiqc                                            [DEBUG  ]  No MultiQC config found: /stor/home/anm4883/.multiqc_config.yaml
[2022-10-04 11:41:47,793] multiqc                                            [DEBUG  ]  No MultiQC config found: multiqc_config.yaml
[2022-10-04 11:41:47,793] multiqc                                            [DEBUG  ]  Command used: /usr/local/bin/multiqc .
[2022-10-04 11:41:48,364] multiqc                                            [WARNING]  MultiQC Version v1.13 now available!
[2022-10-04 11:41:48,364] multiqc                                            [INFO   ]  This is MultiQC v1.9
[2022-10-04 11:41:48,364] multiqc                                            [DEBUG  ]  Command     : /usr/local/bin/multiqc .
[2022-10-04 11:41:48,364] multiqc                                            [DEBUG  ]  Working dir : /stor/work/FRI-BigDataBio/ms_alcohol/Melamed_tagseq/fastqc_untrim/JA21249
[2022-10-04 11:41:48,364] multiqc                                            [INFO   ]  Template    : default
[2022-10-04 11:41:48,364] multiqc                                            [DEBUG  ]  Running Python 3.6.9 (default, Jun 29 2022, 11:45:57)  [GCC 8.4.0]
[2022-10-04 11:41:48,364] multiqc                                            [INFO   ]  Searching   : /stor/work/FRI-BigDataBio/ms_alcohol/Melamed_tagseq/fastqc_untrim/JA21249
[2022-10-04 11:41:48,364] multiqc                                            [DEBUG  ]  Analysing modules: custom_content, conpair, peddy, somalier, methylQA, mosdepth, phantompeakqualtools, qualimap, preseq, quast, qorts, rna_seqc, rockhopper, rsem, rseqc, busco, goleft_indexcov, disambiguate, supernova, deeptools, sargasso, verifybamid, mirtrace, happy, mirtop, homer, macs2, theta2, snpeff, gatk, htseq, bcftools, featureCounts, fgbio, dragen, dedup, damageprofiler, biobambam2, mtnucratio, picard, prokka, samblaster, samtools, sexdeterrmine, bamtools, jellyfish, vcftools, longranger, stacks, varscan2, bbmap, bismark, biscuit, hicexplorer, hicup, hicpro, salmon, kallisto, slamdunk, star, hisat2, tophat, bowtie2, bowtie1, snpsplit, kat, leehom, adapterRemoval, clipandmerge, cutadapt, flexbar, kaiju, kraken, malt, trimmomatic, sickle, skewer, sortmerna, biobloomtools, fastq_screen, afterqc, fastp, fastqc, pycoqc, minionqc, multivcfanalyzer, clusterflow, bcl2fastq, interop, ivar, flash, seqyclean
[2022-10-04 11:41:48,365] multiqc                                            [DEBUG  ]  Using temporary directory for creating report: /tmp/tmpukf6b8w4
[2022-10-04 11:41:48,503] multiqc                                            [DEBUG  ]  Ignoring file as matched an ignore pattern: fastqc_report.html
[2022-10-04 11:41:48,508] multiqc                                            [DEBUG  ]  File ignored by hicexplorer because it exceeded search pattern filesize limit: fastqc.fo
[2022-10-04 11:41:48,509] multiqc                                            [DEBUG  ]  File ignored by longranger/invocation because it exceeded search pattern filesize limit: fastqc.fo
[2022-10-04 11:41:48,538] multiqc                                            [DEBUG  ]  File ignored by hicexplorer because it exceeded search pattern filesize limit: fastqc.fo
[2022-10-04 11:41:48,540] multiqc                                            [DEBUG  ]  File ignored by longranger/invocation because it exceeded search pattern filesize limit: fastqc.fo
[2022-10-04 11:41:48,551] multiqc                                            [DEBUG  ]  Ignoring file as matched an ignore pattern: fastqc_report.html
[2022-10-04 11:41:48,584] multiqc                                            [DEBUG  ]  File ignored by hicexplorer because it exceeded search pattern filesize limit: fastqc.fo
[2022-10-04 11:41:48,585] multiqc                                            [DEBUG  ]  File ignored by longranger/invocation because it exceeded search pattern filesize limit: fastqc.fo
[2022-10-04 11:41:48,589] multiqc                                            [DEBUG  ]  Ignoring file as matched an ignore pattern: fastqc_report.html
[2022-10-04 11:41:48,614] multiqc                                            [DEBUG  ]  File ignored by hicexplorer because it exceeded search pattern filesize limit: fastqc.fo
[2022-10-04 11:41:48,615] multiqc                                            [DEBUG  ]  File ignored by longranger/invocation because it exceeded search pattern filesize limit: fastqc.fo
[2022-10-04 11:41:48,618] multiqc                                            [DEBUG  ]  Ignoring file as matched an ignore pattern: fastqc_report.html
[2022-10-04 11:41:48,676] multiqc                                            [DEBUG  ]  Ignoring file as matched an ignore pattern: fastqc_report.html
[2022-10-04 11:41:48,680] multiqc                                            [DEBUG  ]  File ignored by hicexplorer because it exceeded search pattern filesize limit: fastqc.fo
[2022-10-04 11:41:48,682] multiqc                                            [DEBUG  ]  File ignored by longranger/invocation because it exceeded search pattern filesize limit: fastqc.fo
[2022-10-04 11:41:48,707] multiqc                                            [DEBUG  ]  Ignoring file as matched an ignore pattern: fastqc_report.html
[2022-10-04 11:41:48,718] multiqc                                            [DEBUG  ]  File ignored by hicexplorer because it exceeded search pattern filesize limit: fastqc.fo
[2022-10-04 11:41:48,719] multiqc                                            [DEBUG  ]  File ignored by longranger/invocation because it exceeded search pattern filesize limit: fastqc.fo
[2022-10-04 11:41:48,746] multiqc                                            [DEBUG  ]  Ignoring file as matched an ignore pattern: fastqc_report.html
[2022-10-04 11:41:48,770] multiqc                                            [DEBUG  ]  File ignored by hicexplorer because it exceeded search pattern filesize limit: fastqc.fo
[2022-10-04 11:41:48,771] multiqc                                            [DEBUG  ]  File ignored by longranger/invocation because it exceeded search pattern filesize limit: fastqc.fo
[2022-10-04 11:41:48,806] multiqc                                            [DEBUG  ]  File ignored by hicexplorer because it exceeded search pattern filesize limit: fastqc.fo
[2022-10-04 11:41:48,808] multiqc                                            [DEBUG  ]  File ignored by longranger/invocation because it exceeded search pattern filesize limit: fastqc.fo
[2022-10-04 11:41:48,840] multiqc                                            [DEBUG  ]  Ignoring file as matched an ignore pattern: fastqc_report.html
[2022-10-04 11:41:48,865] multiqc                                            [DEBUG  ]  File ignored by hicexplorer because it exceeded search pattern filesize limit: fastqc.fo
[2022-10-04 11:41:48,867] multiqc                                            [DEBUG  ]  File ignored by longranger/invocation because it exceeded search pattern filesize limit: fastqc.fo
[2022-10-04 11:41:48,901] multiqc                                            [DEBUG  ]  Ignoring file as matched an ignore pattern: fastqc_report.html
[2022-10-04 11:41:48,931] multiqc                                            [DEBUG  ]  Ignoring file as matched an ignore pattern: fastqc_report.html
[2022-10-04 11:41:48,935] multiqc                                            [DEBUG  ]  File ignored by hicexplorer because it exceeded search pattern filesize limit: fastqc.fo
[2022-10-04 11:41:48,936] multiqc                                            [DEBUG  ]  File ignored by longranger/invocation because it exceeded search pattern filesize limit: fastqc.fo
[2022-10-04 11:41:48,973] multiqc                                            [DEBUG  ]  File ignored by hicexplorer because it exceeded search pattern filesize limit: fastqc.fo
[2022-10-04 11:41:48,974] multiqc                                            [DEBUG  ]  File ignored by longranger/invocation because it exceeded search pattern filesize limit: fastqc.fo
[2022-10-04 11:41:48,978] multiqc                                            [DEBUG  ]  Ignoring file as matched an ignore pattern: fastqc_report.html
[2022-10-04 11:41:49,001] multiqc                                            [DEBUG  ]  Ignoring file as matched an ignore pattern: fastqc_report.html
[2022-10-04 11:41:49,012] multiqc                                            [DEBUG  ]  File ignored by hicexplorer because it exceeded search pattern filesize limit: fastqc.fo
[2022-10-04 11:41:49,013] multiqc                                            [DEBUG  ]  File ignored by longranger/invocation because it exceeded search pattern filesize limit: fastqc.fo
[2022-10-04 11:41:49,044] multiqc                                            [DEBUG  ]  File ignored by hicexplorer because it exceeded search pattern filesize limit: fastqc.fo
[2022-10-04 11:41:49,045] multiqc                                            [DEBUG  ]  File ignored by longranger/invocation because it exceeded search pattern filesize limit: fastqc.fo
[2022-10-04 11:41:49,056] multiqc                                            [DEBUG  ]  Ignoring file as matched an ignore pattern: fastqc_report.html
[2022-10-04 11:41:49,086] multiqc                                            [DEBUG  ]  Ignoring file as matched an ignore pattern: fastqc_report.html
[2022-10-04 11:41:49,090] multiqc                                            [DEBUG  ]  File ignored by hicexplorer because it exceeded search pattern filesize limit: fastqc.fo
[2022-10-04 11:41:49,091] multiqc                                            [DEBUG  ]  File ignored by longranger/invocation because it exceeded search pattern filesize limit: fastqc.fo
[2022-10-04 11:41:49,117] multiqc                                            [DEBUG  ]  Ignoring file as matched an ignore pattern: fastqc_report.html
[2022-10-04 11:41:49,129] multiqc                                            [DEBUG  ]  File ignored by hicexplorer because it exceeded search pattern filesize limit: fastqc.fo
[2022-10-04 11:41:49,130] multiqc                                            [DEBUG  ]  File ignored by longranger/invocation because it exceeded search pattern filesize limit: fastqc.fo
[2022-10-04 11:41:49,179] multiqc                                            [DEBUG  ]  File ignored by hicexplorer because it exceeded search pattern filesize limit: fastqc.fo
[2022-10-04 11:41:49,180] multiqc                                            [DEBUG  ]  File ignored by longranger/invocation because it exceeded search pattern filesize limit: fastqc.fo
[2022-10-04 11:41:49,183] multiqc                                            [DEBUG  ]  Ignoring file as matched an ignore pattern: fastqc_report.html
[2022-10-04 11:41:49,220] multiqc                                            [DEBUG  ]  File ignored by hicexplorer because it exceeded search pattern filesize limit: fastqc.fo
[2022-10-04 11:41:49,221] multiqc                                            [DEBUG  ]  File ignored by longranger/invocation because it exceeded search pattern filesize limit: fastqc.fo
[2022-10-04 11:41:49,225] multiqc                                            [DEBUG  ]  Ignoring file as matched an ignore pattern: fastqc_report.html
[2022-10-04 11:41:49,254] multiqc                                            [DEBUG  ]  Ignoring file as matched an ignore pattern: fastqc_report.html
[2022-10-04 11:41:49,276] multiqc                                            [DEBUG  ]  File ignored by hicexplorer because it exceeded search pattern filesize limit: fastqc.fo
[2022-10-04 11:41:49,277] multiqc                                            [DEBUG  ]  File ignored by longranger/invocation because it exceeded search pattern filesize limit: fastqc.fo
[2022-10-04 11:41:49,325] multiqc                                            [DEBUG  ]  File ignored by hicexplorer because it exceeded search pattern filesize limit: fastqc.fo
[2022-10-04 11:41:49,326] multiqc                                            [DEBUG  ]  File ignored by longranger/invocation because it exceeded search pattern filesize limit: fastqc.fo
[2022-10-04 11:41:49,336] multiqc                                            [DEBUG  ]  Ignoring file as matched an ignore pattern: fastqc_report.html
[2022-10-04 11:41:49,358] multiqc                                            [DEBUG  ]  Ignoring file as matched an ignore pattern: fastqc_report.html
[2022-10-04 11:41:49,361] multiqc                                            [DEBUG  ]  File ignored by hicexplorer because it exceeded search pattern filesize limit: fastqc.fo
[2022-10-04 11:41:49,363] multiqc                                            [DEBUG  ]  File ignored by longranger/invocation because it exceeded search pattern filesize limit: fastqc.fo
[2022-10-04 11:41:49,406] multiqc                                            [DEBUG  ]  File ignored by hicexplorer because it exceeded search pattern filesize limit: fastqc.fo
[2022-10-04 11:41:49,407] multiqc                                            [DEBUG  ]  File ignored by longranger/invocation because it exceeded search pattern filesize limit: fastqc.fo
[2022-10-04 11:41:49,411] multiqc                                            [DEBUG  ]  Ignoring file as matched an ignore pattern: fastqc_report.html
[2022-10-04 11:41:49,433] multiqc                                            [DEBUG  ]  Ignoring file as matched an ignore pattern: fastqc_report.html
[2022-10-04 11:41:49,444] multiqc                                            [DEBUG  ]  File ignored by hicexplorer because it exceeded search pattern filesize limit: fastqc.fo
[2022-10-04 11:41:49,446] multiqc                                            [DEBUG  ]  File ignored by longranger/invocation because it exceeded search pattern filesize limit: fastqc.fo
[2022-10-04 11:41:49,480] multiqc                                            [DEBUG  ]  File ignored by hicexplorer because it exceeded search pattern filesize limit: fastqc.fo
[2022-10-04 11:41:49,481] multiqc                                            [DEBUG  ]  File ignored by longranger/invocation because it exceeded search pattern filesize limit: fastqc.fo
[2022-10-04 11:41:49,485] multiqc                                            [DEBUG  ]  Ignoring file as matched an ignore pattern: fastqc_report.html
[2022-10-04 11:41:49,534] multiqc                                            [DEBUG  ]  File ignored by hicexplorer because it exceeded search pattern filesize limit: fastqc.fo
[2022-10-04 11:41:49,535] multiqc                                            [DEBUG  ]  File ignored by longranger/invocation because it exceeded search pattern filesize limit: fastqc.fo
[2022-10-04 11:41:49,538] multiqc                                            [DEBUG  ]  Ignoring file as matched an ignore pattern: fastqc_report.html
[2022-10-04 11:41:49,570] multiqc                                            [DEBUG  ]  File ignored by hicexplorer because it exceeded search pattern filesize limit: fastqc.fo
[2022-10-04 11:41:49,572] multiqc                                            [DEBUG  ]  File ignored by longranger/invocation because it exceeded search pattern filesize limit: fastqc.fo
[2022-10-04 11:41:49,583] multiqc                                            [DEBUG  ]  Ignoring file as matched an ignore pattern: fastqc_report.html
[2022-10-04 11:41:49,618] multiqc                                            [DEBUG  ]  File ignored by hicexplorer because it exceeded search pattern filesize limit: fastqc.fo
[2022-10-04 11:41:49,619] multiqc                                            [DEBUG  ]  File ignored by longranger/invocation because it exceeded search pattern filesize limit: fastqc.fo
[2022-10-04 11:41:49,623] multiqc                                            [DEBUG  ]  Ignoring file as matched an ignore pattern: fastqc_report.html
[2022-10-04 11:41:49,648] multiqc                                            [DEBUG  ]  File ignored by hicexplorer because it exceeded search pattern filesize limit: fastqc.fo
[2022-10-04 11:41:49,650] multiqc                                            [DEBUG  ]  File ignored by longranger/invocation because it exceeded search pattern filesize limit: fastqc.fo
[2022-10-04 11:41:49,660] multiqc                                            [DEBUG  ]  Ignoring file as matched an ignore pattern: fastqc_report.html
[2022-10-04 11:41:49,682] multiqc                                            [DEBUG  ]  Ignoring file as matched an ignore pattern: fastqc_report.html
[2022-10-04 11:41:49,686] multiqc                                            [DEBUG  ]  File ignored by hicexplorer because it exceeded search pattern filesize limit: fastqc.fo
[2022-10-04 11:41:49,687] multiqc                                            [DEBUG  ]  File ignored by longranger/invocation because it exceeded search pattern filesize limit: fastqc.fo
[2022-10-04 11:41:49,723] multiqc                                            [DEBUG  ]  File ignored by hicexplorer because it exceeded search pattern filesize limit: fastqc.fo
[2022-10-04 11:41:49,724] multiqc                                            [DEBUG  ]  File ignored by longranger/invocation because it exceeded search pattern filesize limit: fastqc.fo
[2022-10-04 11:41:49,771] multiqc                                            [DEBUG  ]  Ignoring file as matched an ignore pattern: fastqc_report.html
[2022-10-04 11:41:49,793] multiqc                                            [DEBUG  ]  Ignoring file as matched an ignore pattern: fastqc_report.html
[2022-10-04 11:41:49,796] multiqc                                            [DEBUG  ]  File ignored by hicexplorer because it exceeded search pattern filesize limit: fastqc.fo
[2022-10-04 11:41:49,798] multiqc                                            [DEBUG  ]  File ignored by longranger/invocation because it exceeded search pattern filesize limit: fastqc.fo
[2022-10-04 11:41:49,831] multiqc                                            [DEBUG  ]  Ignoring file as matched an ignore pattern: fastqc_report.html
[2022-10-04 11:41:49,843] multiqc                                            [DEBUG  ]  File ignored by hicexplorer because it exceeded search pattern filesize limit: fastqc.fo
[2022-10-04 11:41:49,844] multiqc                                            [DEBUG  ]  File ignored by longranger/invocation because it exceeded search pattern filesize limit: fastqc.fo
[2022-10-04 11:41:49,874] multiqc                                            [DEBUG  ]  File ignored by hicexplorer because it exceeded search pattern filesize limit: fastqc.fo
[2022-10-04 11:41:49,876] multiqc                                            [DEBUG  ]  File ignored by longranger/invocation because it exceeded search pattern filesize limit: fastqc.fo
[2022-10-04 11:41:49,879] multiqc                                            [DEBUG  ]  Ignoring file as matched an ignore pattern: fastqc_report.html
[2022-10-04 11:41:49,919] multiqc                                            [DEBUG  ]  File ignored by hicexplorer because it exceeded search pattern filesize limit: fastqc.fo
[2022-10-04 11:41:49,921] multiqc                                            [DEBUG  ]  File ignored by longranger/invocation because it exceeded search pattern filesize limit: fastqc.fo
[2022-10-04 11:41:49,924] multiqc                                            [DEBUG  ]  Ignoring file as matched an ignore pattern: fastqc_report.html
[2022-10-04 11:41:49,954] multiqc                                            [DEBUG  ]  Ignoring file as matched an ignore pattern: fastqc_report.html
[2022-10-04 11:41:49,959] multiqc                                            [DEBUG  ]  File ignored by hicexplorer because it exceeded search pattern filesize limit: fastqc.fo
[2022-10-04 11:41:49,960] multiqc                                            [DEBUG  ]  File ignored by longranger/invocation because it exceeded search pattern filesize limit: fastqc.fo
[2022-10-04 11:41:49,990] multiqc                                            [DEBUG  ]  File ignored by hicexplorer because it exceeded search pattern filesize limit: fastqc.fo
[2022-10-04 11:41:49,991] multiqc                                            [DEBUG  ]  File ignored by longranger/invocation because it exceeded search pattern filesize limit: fastqc.fo
[2022-10-04 11:41:50,002] multiqc                                            [DEBUG  ]  Ignoring file as matched an ignore pattern: fastqc_report.html
[2022-10-04 11:41:50,060] multiqc                                            [DEBUG  ]  File ignored by hicexplorer because it exceeded search pattern filesize limit: fastqc.fo
[2022-10-04 11:41:50,061] multiqc                                            [DEBUG  ]  File ignored by longranger/invocation because it exceeded search pattern filesize limit: fastqc.fo
[2022-10-04 11:41:50,064] multiqc                                            [DEBUG  ]  Ignoring file as matched an ignore pattern: fastqc_report.html
[2022-10-04 11:41:50,313] multiqc.plots.bargraph                             [DEBUG  ]  Using matplotlib version 3.3.3
[2022-10-04 11:41:50,313] multiqc.plots.linegraph                            [DEBUG  ]  Using matplotlib version 3.3.3
[2022-10-04 11:41:50,314] multiqc                                            [DEBUG  ]  No samples found: custom_content
[2022-10-04 11:41:50,317] multiqc                                            [DEBUG  ]  No samples found: conpair
[2022-10-04 11:41:50,320] multiqc                                            [DEBUG  ]  No samples found: peddy
[2022-10-04 11:41:50,323] multiqc                                            [DEBUG  ]  No samples found: somalier
[2022-10-04 11:41:50,326] multiqc                                            [DEBUG  ]  No samples found: methylQA
[2022-10-04 11:41:50,330] multiqc                                            [DEBUG  ]  No samples found: mosdepth
[2022-10-04 11:41:50,333] multiqc                                            [DEBUG  ]  No samples found: phantompeakqualtools
[2022-10-04 11:41:50,335] multiqc                                            [DEBUG  ]  No samples found: qualimap
[2022-10-04 11:41:50,338] multiqc                                            [DEBUG  ]  No samples found: preseq
[2022-10-04 11:41:50,342] multiqc                                            [DEBUG  ]  No samples found: quast
[2022-10-04 11:41:50,345] multiqc                                            [DEBUG  ]  No samples found: qorts
[2022-10-04 11:41:50,348] multiqc                                            [DEBUG  ]  No samples found: rna_seqc
[2022-10-04 11:41:50,351] multiqc                                            [DEBUG  ]  No samples found: rockhopper
[2022-10-04 11:41:50,354] multiqc                                            [DEBUG  ]  No samples found: rsem
[2022-10-04 11:41:50,358] multiqc                                            [DEBUG  ]  No samples found: rseqc
[2022-10-04 11:41:50,361] multiqc                                            [DEBUG  ]  No samples found: busco
[2022-10-04 11:41:50,364] multiqc                                            [DEBUG  ]  No samples found: goleft_indexcov
[2022-10-04 11:41:50,367] multiqc                                            [DEBUG  ]  No samples found: disambiguate
[2022-10-04 11:41:50,370] multiqc                                            [DEBUG  ]  No samples found: supernova
[2022-10-04 11:41:50,374] multiqc                                            [DEBUG  ]  No samples found: deeptools
[2022-10-04 11:41:50,377] multiqc                                            [DEBUG  ]  No samples found: sargasso
[2022-10-04 11:41:50,380] multiqc                                            [DEBUG  ]  No samples found: verifybamid
[2022-10-04 11:41:50,382] multiqc                                            [DEBUG  ]  No samples found: mirtrace
[2022-10-04 11:41:50,385] multiqc                                            [DEBUG  ]  No samples found: happy
[2022-10-04 11:41:50,388] multiqc                                            [DEBUG  ]  No samples found: mirtop
[2022-10-04 11:41:50,392] multiqc                                            [DEBUG  ]  No samples found: homer
[2022-10-04 11:41:50,394] multiqc                                            [DEBUG  ]  No samples found: macs2
[2022-10-04 11:41:50,397] multiqc                                            [DEBUG  ]  No samples found: theta2
[2022-10-04 11:41:50,400] multiqc                                            [DEBUG  ]  No samples found: snpeff
[2022-10-04 11:41:50,404] multiqc                                            [DEBUG  ]  No samples found: gatk
[2022-10-04 11:41:50,407] multiqc                                            [DEBUG  ]  No samples found: htseq
[2022-10-04 11:41:50,410] multiqc                                            [DEBUG  ]  No samples found: bcftools
[2022-10-04 11:41:50,413] multiqc                                            [DEBUG  ]  No samples found: featureCounts
[2022-10-04 11:41:50,416] multiqc                                            [DEBUG  ]  No samples found: fgbio
[2022-10-04 11:41:50,421] multiqc                                            [DEBUG  ]  No samples found: dragen
[2022-10-04 11:41:50,423] multiqc                                            [DEBUG  ]  No samples found: dedup
[2022-10-04 11:41:50,426] multiqc                                            [DEBUG  ]  No samples found: damageprofiler
[2022-10-04 11:41:50,431] multiqc                                            [DEBUG  ]  No samples found: biobambam2
[2022-10-04 11:41:50,433] multiqc                                            [DEBUG  ]  No samples found: mtnucratio
[2022-10-04 11:41:50,436] multiqc                                            [DEBUG  ]  No samples found: picard
[2022-10-04 11:41:50,438] multiqc                                            [DEBUG  ]  No samples found: prokka
[2022-10-04 11:41:50,441] multiqc                                            [DEBUG  ]  No samples found: samblaster
[2022-10-04 11:41:50,444] multiqc                                            [DEBUG  ]  No samples found: samtools
[2022-10-04 11:41:50,446] multiqc                                            [DEBUG  ]  No samples found: sexdeterrmine
[2022-10-04 11:41:50,449] multiqc                                            [DEBUG  ]  No samples found: bamtools
[2022-10-04 11:41:50,451] multiqc                                            [DEBUG  ]  No samples found: jellyfish
[2022-10-04 11:41:50,454] multiqc                                            [DEBUG  ]  No samples found: vcftools
[2022-10-04 11:41:50,457] multiqc                                            [DEBUG  ]  No samples found: longranger
[2022-10-04 11:41:50,460] multiqc                                            [DEBUG  ]  No samples found: stacks
[2022-10-04 11:41:50,462] multiqc                                            [DEBUG  ]  No samples found: varscan2
[2022-10-04 11:41:50,466] multiqc                                            [DEBUG  ]  No samples found: bbmap
[2022-10-04 11:41:50,468] multiqc                                            [DEBUG  ]  No samples found: bismark
[2022-10-04 11:41:50,471] multiqc                                            [DEBUG  ]  No samples found: biscuit
[2022-10-04 11:41:50,474] multiqc                                            [DEBUG  ]  No samples found: hicexplorer
[2022-10-04 11:41:50,476] multiqc                                            [DEBUG  ]  No samples found: hicup
[2022-10-04 11:41:50,479] multiqc                                            [DEBUG  ]  No samples found: hicpro
[2022-10-04 11:41:50,481] multiqc                                            [DEBUG  ]  No samples found: salmon
[2022-10-04 11:41:50,484] multiqc                                            [DEBUG  ]  No samples found: kallisto
[2022-10-04 11:41:50,486] multiqc                                            [DEBUG  ]  No samples found: slamdunk
[2022-10-04 11:41:50,489] multiqc                                            [DEBUG  ]  No samples found: star
[2022-10-04 11:41:50,491] multiqc                                            [DEBUG  ]  No samples found: hisat2
[2022-10-04 11:41:50,494] multiqc                                            [DEBUG  ]  No samples found: tophat
[2022-10-04 11:41:50,496] multiqc                                            [DEBUG  ]  No samples found: bowtie2
[2022-10-04 11:41:50,499] multiqc                                            [DEBUG  ]  No samples found: bowtie1
[2022-10-04 11:41:50,501] multiqc                                            [DEBUG  ]  No samples found: snpsplit
[2022-10-04 11:41:50,504] multiqc                                            [DEBUG  ]  No samples found: kat
[2022-10-04 11:41:50,506] multiqc                                            [DEBUG  ]  No samples found: leehom
[2022-10-04 11:41:50,509] multiqc                                            [DEBUG  ]  No samples found: adapterRemoval
[2022-10-04 11:41:50,511] multiqc                                            [DEBUG  ]  No samples found: clipandmerge
[2022-10-04 11:41:50,514] multiqc                                            [DEBUG  ]  No samples found: cutadapt
[2022-10-04 11:41:50,517] multiqc                                            [DEBUG  ]  No samples found: flexbar
[2022-10-04 11:41:50,519] multiqc                                            [DEBUG  ]  No samples found: kaiju
[2022-10-04 11:41:50,521] multiqc                                            [DEBUG  ]  No samples found: kraken
[2022-10-04 11:41:50,524] multiqc                                            [DEBUG  ]  No samples found: malt
[2022-10-04 11:41:50,527] multiqc                                            [DEBUG  ]  No samples found: trimmomatic
[2022-10-04 11:41:50,529] multiqc                                            [DEBUG  ]  No samples found: sickle
[2022-10-04 11:41:50,531] multiqc                                            [DEBUG  ]  No samples found: skewer
[2022-10-04 11:41:50,534] multiqc                                            [DEBUG  ]  No samples found: sortmerna
[2022-10-04 11:41:50,536] multiqc                                            [DEBUG  ]  No samples found: biobloomtools
[2022-10-04 11:41:50,539] multiqc                                            [DEBUG  ]  No samples found: fastq_screen
[2022-10-04 11:41:50,541] multiqc                                            [DEBUG  ]  No samples found: afterqc
[2022-10-04 11:41:50,544] multiqc                                            [DEBUG  ]  No samples found: fastp
[2022-10-04 11:41:52,759] multiqc.modules.fastqc.fastqc                      [INFO   ]  Found 36 reports
[2022-10-04 11:41:53,082] multiqc                                            [DEBUG  ]  No samples found: pycoqc
[2022-10-04 11:41:53,084] multiqc                                            [DEBUG  ]  No samples found: minionqc
[2022-10-04 11:41:53,087] multiqc                                            [DEBUG  ]  No samples found: multivcfanalyzer
[2022-10-04 11:41:53,090] multiqc                                            [DEBUG  ]  No samples found: clusterflow
[2022-10-04 11:41:53,092] multiqc                                            [DEBUG  ]  No samples found: bcl2fastq
[2022-10-04 11:41:53,095] multiqc                                            [DEBUG  ]  No samples found: interop
[2022-10-04 11:41:53,097] multiqc                                            [DEBUG  ]  No samples found: ivar
[2022-10-04 11:41:53,100] multiqc                                            [DEBUG  ]  No samples found: flash
[2022-10-04 11:41:53,103] multiqc                                            [DEBUG  ]  No samples found: seqyclean
[2022-10-04 11:41:53,135] multiqc                                            [INFO   ]  Compressing plot data
[2022-10-04 11:41:53,542] multiqc                                            [INFO   ]  Report      : multiqc_report.html
[2022-10-04 11:41:53,542] multiqc                                            [INFO   ]  Data        : multiqc_data
[2022-10-04 11:41:53,542] multiqc                                            [DEBUG  ]  Moving data file from '/tmp/tmpukf6b8w4/multiqc_data' to '/stor/work/FRI-BigDataBio/ms_alcohol/Melamed_tagseq/fastqc_untrim/JA21249/multiqc_data'
[2022-10-04 11:41:53,639] multiqc                                            [INFO   ]  MultiQC complete
