STAR version=STAR_2.5.4b
STAR compilation time,server,dir=<not set in Debian>
##### DEFAULT parameters:
versionSTAR                       20201
versionGenome                     20101   20200   
parametersFiles                   -   
sysShell                          -
runMode                           alignReads
runThreadN                        1
runDirPerm                        User_RWX
runRNGseed                        777
genomeDir                         ./GenomeDir/
genomeLoad                        NoSharedMemory
genomeFastaFiles                  -   
genomeChainFiles                  -   
genomeSAindexNbases               14
genomeChrBinNbits                 18
genomeSAsparseD                   1
genomeSuffixLengthMax             18446744073709551615
genomeFileSizes                   0   
genomeConsensusFile               -
readFilesType                     Fastx   
readFilesIn                       Read1   Read2   
readFilesPrefix                   -
readFilesCommand                  -   
readMatesLengthsIn                NotEqual
readMapNumber                     18446744073709551615
readNameSeparator                 /   
inputBAMfile                      -
bamRemoveDuplicatesType           -
bamRemoveDuplicatesMate2basesN    0
limitGenomeGenerateRAM            31000000000
limitIObufferSize                 150000000
limitOutSAMoneReadBytes           100000
limitOutSJcollapsed               1000000
limitOutSJoneRead                 1000
limitBAMsortRAM                   0
limitSjdbInsertNsj                1000000
outFileNamePrefix                 ./
outTmpDir                         -
outTmpKeep                        None
outStd                            Log
outReadsUnmapped                  None
outQSconversionAdd                0
outMultimapperOrder               Old_2.4
outSAMtype                        SAM   
outSAMmode                        Full
outSAMstrandField                 None
outSAMattributes                  Standard   
outSAMunmapped                    None   
outSAMorder                       Paired
outSAMprimaryFlag                 OneBestScore
outSAMreadID                      Standard
outSAMmapqUnique                  255
outSAMflagOR                      0
outSAMflagAND                     65535
outSAMattrRGline                  -   
outSAMheaderHD                    -   
outSAMheaderPG                    -   
outSAMheaderCommentFile           -
outBAMcompression                 1
outBAMsortingThreadN              0
outSAMfilter                      None   
outSAMmultNmax                    18446744073709551615
outSAMattrIHstart                 1
outSJfilterReads                  All
outSJfilterCountUniqueMin         3   1   1   1   
outSJfilterCountTotalMin          3   1   1   1   
outSJfilterOverhangMin            30   12   12   12   
outSJfilterDistToOtherSJmin       10   0   5   10   
outSJfilterIntronMaxVsReadN       50000   100000   200000   
outWigType                        None   
outWigStrand                      Stranded   
outWigReferencesPrefix            -
outWigNorm                        RPM   
outFilterType                     Normal
outFilterMultimapNmax             10
outFilterMultimapScoreRange       1
outFilterScoreMin                 0
outFilterScoreMinOverLread        0.66
outFilterMatchNmin                0
outFilterMatchNminOverLread       0.66
outFilterMismatchNmax             10
outFilterMismatchNoverLmax        0.3
outFilterMismatchNoverReadLmax    1
outFilterIntronMotifs             None
outFilterIntronStrands            RemoveInconsistentStrands
clip5pNbases                      0   
clip3pNbases                      0   
clip3pAfterAdapterNbases          0   
clip3pAdapterSeq                  -   
clip3pAdapterMMp                  0.1   
winBinNbits                       16
winAnchorDistNbins                9
winFlankNbins                     4
winAnchorMultimapNmax             50
winReadCoverageRelativeMin        0.5
winReadCoverageBasesMin           0
scoreGap                          0
scoreGapNoncan                    -8
scoreGapGCAG                      -4
scoreGapATAC                      -8
scoreStitchSJshift                1
scoreGenomicLengthLog2scale       -0.25
scoreDelBase                      -2
scoreDelOpen                      -2
scoreInsOpen                      -2
scoreInsBase                      -2
seedSearchLmax                    0
seedSearchStartLmax               50
seedSearchStartLmaxOverLread      1
seedPerReadNmax                   1000
seedPerWindowNmax                 50
seedNoneLociPerWindow             10
seedMultimapNmax                  10000
seedSplitMin                      12
alignIntronMin                    21
alignIntronMax                    0
alignMatesGapMax                  0
alignTranscriptsPerReadNmax       10000
alignSJoverhangMin                5
alignSJDBoverhangMin              3
alignSJstitchMismatchNmax         0   -1   0   0   
alignSplicedMateMapLmin           0
alignSplicedMateMapLminOverLmate    0.66
alignWindowsPerReadNmax           10000
alignTranscriptsPerWindowNmax     100
alignEndsType                     Local
alignSoftClipAtReferenceEnds      Yes
alignEndsProtrude                 0   ConcordantPair   
chimSegmentMin                    0
chimScoreMin                      0
chimScoreDropMax                  20
chimScoreSeparation               10
chimScoreJunctionNonGTAG          -1
chimMainSegmentMultNmax           10
chimJunctionOverhangMin           20
chimOutType                       SeparateSAMold   
chimFilter                        banGenomicN   
chimSegmentReadGapMax             0
sjdbFileChrStartEnd               -   
sjdbGTFfile                       -
sjdbGTFchrPrefix                  -
sjdbGTFfeatureExon                exon
sjdbGTFtagExonParentTranscript    transcript_id
sjdbGTFtagExonParentGene          gene_id
sjdbOverhang                      100
sjdbScore                         2
sjdbInsertSave                    Basic
quantMode                         -   
quantTranscriptomeBAMcompression    1
quantTranscriptomeBan             IndelSoftclipSingleend
twopass1readsN                    18446744073709551615
twopassMode                       None
##### Command Line:
STAR --runMode genomeGenerate --genomeDir STAR_genome/ --genomeFastaFiles mouse_GRCm38/GRCm38.primary_assembly.genome.fa --sjdbGTFfile mouse_GRCm38/gencode.vM19.annotation.gtf --sjdbOverhang 74 --genomeChrBinNbits 14
##### Initial USER parameters from Command Line:
###### All USER parameters from Command Line:
runMode                       genomeGenerate     ~RE-DEFINED
genomeDir                     STAR_genome/     ~RE-DEFINED
genomeFastaFiles              mouse_GRCm38/GRCm38.primary_assembly.genome.fa        ~RE-DEFINED
sjdbGTFfile                   mouse_GRCm38/gencode.vM19.annotation.gtf     ~RE-DEFINED
sjdbOverhang                  74     ~RE-DEFINED
genomeChrBinNbits             14     ~RE-DEFINED
##### Finished reading parameters from all sources

##### Final user re-defined parameters-----------------:
runMode                           genomeGenerate
genomeDir                         STAR_genome/
genomeFastaFiles                  mouse_GRCm38/GRCm38.primary_assembly.genome.fa   
genomeChrBinNbits                 14
sjdbGTFfile                       mouse_GRCm38/gencode.vM19.annotation.gtf
sjdbOverhang                      74

-------------------------------
##### Final effective command line:
STAR   --runMode genomeGenerate   --genomeDir STAR_genome/   --genomeFastaFiles mouse_GRCm38/GRCm38.primary_assembly.genome.fa      --genomeChrBinNbits 14   --sjdbGTFfile mouse_GRCm38/gencode.vM19.annotation.gtf   --sjdbOverhang 74

##### Final parameters after user input--------------------------------:
versionSTAR                       20201
versionGenome                     20101   20200   
parametersFiles                   -   
sysShell                          -
runMode                           genomeGenerate
runThreadN                        1
runDirPerm                        User_RWX
runRNGseed                        777
genomeDir                         STAR_genome/
genomeLoad                        NoSharedMemory
genomeFastaFiles                  mouse_GRCm38/GRCm38.primary_assembly.genome.fa   
genomeChainFiles                  -   
genomeSAindexNbases               14
genomeChrBinNbits                 14
genomeSAsparseD                   1
genomeSuffixLengthMax             18446744073709551615
genomeFileSizes                   0   
genomeConsensusFile               -
readFilesType                     Fastx   
readFilesIn                       Read1   Read2   
readFilesPrefix                   -
readFilesCommand                  -   
readMatesLengthsIn                NotEqual
readMapNumber                     18446744073709551615
readNameSeparator                 /   
inputBAMfile                      -
bamRemoveDuplicatesType           -
bamRemoveDuplicatesMate2basesN    0
limitGenomeGenerateRAM            31000000000
limitIObufferSize                 150000000
limitOutSAMoneReadBytes           100000
limitOutSJcollapsed               1000000
limitOutSJoneRead                 1000
limitBAMsortRAM                   0
limitSjdbInsertNsj                1000000
outFileNamePrefix                 ./
outTmpDir                         -
outTmpKeep                        None
outStd                            Log
outReadsUnmapped                  None
outQSconversionAdd                0
outMultimapperOrder               Old_2.4
outSAMtype                        SAM   
outSAMmode                        Full
outSAMstrandField                 None
outSAMattributes                  Standard   
outSAMunmapped                    None   
outSAMorder                       Paired
outSAMprimaryFlag                 OneBestScore
outSAMreadID                      Standard
outSAMmapqUnique                  255
outSAMflagOR                      0
outSAMflagAND                     65535
outSAMattrRGline                  -   
outSAMheaderHD                    -   
outSAMheaderPG                    -   
outSAMheaderCommentFile           -
outBAMcompression                 1
outBAMsortingThreadN              0
outSAMfilter                      None   
outSAMmultNmax                    18446744073709551615
outSAMattrIHstart                 1
outSJfilterReads                  All
outSJfilterCountUniqueMin         3   1   1   1   
outSJfilterCountTotalMin          3   1   1   1   
outSJfilterOverhangMin            30   12   12   12   
outSJfilterDistToOtherSJmin       10   0   5   10   
outSJfilterIntronMaxVsReadN       50000   100000   200000   
outWigType                        None   
outWigStrand                      Stranded   
outWigReferencesPrefix            -
outWigNorm                        RPM   
outFilterType                     Normal
outFilterMultimapNmax             10
outFilterMultimapScoreRange       1
outFilterScoreMin                 0
outFilterScoreMinOverLread        0.66
outFilterMatchNmin                0
outFilterMatchNminOverLread       0.66
outFilterMismatchNmax             10
outFilterMismatchNoverLmax        0.3
outFilterMismatchNoverReadLmax    1
outFilterIntronMotifs             None
outFilterIntronStrands            RemoveInconsistentStrands
clip5pNbases                      0   
clip3pNbases                      0   
clip3pAfterAdapterNbases          0   
clip3pAdapterSeq                  -   
clip3pAdapterMMp                  0.1   
winBinNbits                       16
winAnchorDistNbins                9
winFlankNbins                     4
winAnchorMultimapNmax             50
winReadCoverageRelativeMin        0.5
winReadCoverageBasesMin           0
scoreGap                          0
scoreGapNoncan                    -8
scoreGapGCAG                      -4
scoreGapATAC                      -8
scoreStitchSJshift                1
scoreGenomicLengthLog2scale       -0.25
scoreDelBase                      -2
scoreDelOpen                      -2
scoreInsOpen                      -2
scoreInsBase                      -2
seedSearchLmax                    0
seedSearchStartLmax               50
seedSearchStartLmaxOverLread      1
seedPerReadNmax                   1000
seedPerWindowNmax                 50
seedNoneLociPerWindow             10
seedMultimapNmax                  10000
seedSplitMin                      12
alignIntronMin                    21
alignIntronMax                    0
alignMatesGapMax                  0
alignTranscriptsPerReadNmax       10000
alignSJoverhangMin                5
alignSJDBoverhangMin              3
alignSJstitchMismatchNmax         0   -1   0   0   
alignSplicedMateMapLmin           0
alignSplicedMateMapLminOverLmate    0.66
alignWindowsPerReadNmax           10000
alignTranscriptsPerWindowNmax     100
alignEndsType                     Local
alignSoftClipAtReferenceEnds      Yes
alignEndsProtrude                 0   ConcordantPair   
chimSegmentMin                    0
chimScoreMin                      0
chimScoreDropMax                  20
chimScoreSeparation               10
chimScoreJunctionNonGTAG          -1
chimMainSegmentMultNmax           10
chimJunctionOverhangMin           20
chimOutType                       SeparateSAMold   
chimFilter                        banGenomicN   
chimSegmentReadGapMax             0
sjdbFileChrStartEnd               -   
sjdbGTFfile                       mouse_GRCm38/gencode.vM19.annotation.gtf
sjdbGTFchrPrefix                  -
sjdbGTFfeatureExon                exon
sjdbGTFtagExonParentTranscript    transcript_id
sjdbGTFtagExonParentGene          gene_id
sjdbOverhang                      74
sjdbScore                         2
sjdbInsertSave                    Basic
quantMode                         -   
quantTranscriptomeBAMcompression    1
quantTranscriptomeBan             IndelSoftclipSingleend
twopass1readsN                    18446744073709551615
twopassMode                       None
----------------------------------------

Finished loading and checking parameters
Oct 06 17:24:40 ... starting to generate Genome files
mouse_GRCm38/GRCm38.primary_assembly.genome.fa : chr # 0  "chr1" chrStart: 0
mouse_GRCm38/GRCm38.primary_assembly.genome.fa : chr # 1  "chr2" chrStart: 195477504
mouse_GRCm38/GRCm38.primary_assembly.genome.fa : chr # 2  "chr3" chrStart: 377602048
mouse_GRCm38/GRCm38.primary_assembly.genome.fa : chr # 3  "chr4" chrStart: 537657344
mouse_GRCm38/GRCm38.primary_assembly.genome.fa : chr # 4  "chr5" chrStart: 694173696
mouse_GRCm38/GRCm38.primary_assembly.genome.fa : chr # 5  "chr6" chrStart: 846020608
mouse_GRCm38/GRCm38.primary_assembly.genome.fa : chr # 6  "chr7" chrStart: 995770368
mouse_GRCm38/GRCm38.primary_assembly.genome.fa : chr # 7  "chr8" chrStart: 1141227520
mouse_GRCm38/GRCm38.primary_assembly.genome.fa : chr # 8  "chr9" chrStart: 1270644736
mouse_GRCm38/GRCm38.primary_assembly.genome.fa : chr # 9  "chr10" chrStart: 1395245056
mouse_GRCm38/GRCm38.primary_assembly.genome.fa : chr # 10  "chr11" chrStart: 1525940224
mouse_GRCm38/GRCm38.primary_assembly.genome.fa : chr # 11  "chr12" chrStart: 1648033792
mouse_GRCm38/GRCm38.primary_assembly.genome.fa : chr # 12  "chr13" chrStart: 1768177664
mouse_GRCm38/GRCm38.primary_assembly.genome.fa : chr # 13  "chr14" chrStart: 1888600064
mouse_GRCm38/GRCm38.primary_assembly.genome.fa : chr # 14  "chr15" chrStart: 2013511680
mouse_GRCm38/GRCm38.primary_assembly.genome.fa : chr # 15  "chr16" chrStart: 2117566464
mouse_GRCm38/GRCm38.primary_assembly.genome.fa : chr # 16  "chr17" chrStart: 2215788544
mouse_GRCm38/GRCm38.primary_assembly.genome.fa : chr # 17  "chr18" chrStart: 2310782976
mouse_GRCm38/GRCm38.primary_assembly.genome.fa : chr # 18  "chr19" chrStart: 2401501184
mouse_GRCm38/GRCm38.primary_assembly.genome.fa : chr # 19  "chrX" chrStart: 2462941184
mouse_GRCm38/GRCm38.primary_assembly.genome.fa : chr # 20  "chrY" chrStart: 2633973760
mouse_GRCm38/GRCm38.primary_assembly.genome.fa : chr # 21  "chrM" chrStart: 2725724160
mouse_GRCm38/GRCm38.primary_assembly.genome.fa : chr # 22  "GL456210.1" chrStart: 2725740544
mouse_GRCm38/GRCm38.primary_assembly.genome.fa : chr # 23  "GL456211.1" chrStart: 2725920768
mouse_GRCm38/GRCm38.primary_assembly.genome.fa : chr # 24  "GL456212.1" chrStart: 2726166528
mouse_GRCm38/GRCm38.primary_assembly.genome.fa : chr # 25  "GL456213.1" chrStart: 2726330368
mouse_GRCm38/GRCm38.primary_assembly.genome.fa : chr # 26  "GL456216.1" chrStart: 2726379520
mouse_GRCm38/GRCm38.primary_assembly.genome.fa : chr # 27  "GL456219.1" chrStart: 2726461440
mouse_GRCm38/GRCm38.primary_assembly.genome.fa : chr # 28  "GL456221.1" chrStart: 2726641664
mouse_GRCm38/GRCm38.primary_assembly.genome.fa : chr # 29  "GL456233.1" chrStart: 2726854656
mouse_GRCm38/GRCm38.primary_assembly.genome.fa : chr # 30  "GL456239.1" chrStart: 2727198720
mouse_GRCm38/GRCm38.primary_assembly.genome.fa : chr # 31  "GL456350.1" chrStart: 2727247872
mouse_GRCm38/GRCm38.primary_assembly.genome.fa : chr # 32  "GL456354.1" chrStart: 2727477248
mouse_GRCm38/GRCm38.primary_assembly.genome.fa : chr # 33  "GL456359.1" chrStart: 2727673856
mouse_GRCm38/GRCm38.primary_assembly.genome.fa : chr # 34  "GL456360.1" chrStart: 2727706624
mouse_GRCm38/GRCm38.primary_assembly.genome.fa : chr # 35  "GL456366.1" chrStart: 2727739392
mouse_GRCm38/GRCm38.primary_assembly.genome.fa : chr # 36  "GL456367.1" chrStart: 2727788544
mouse_GRCm38/GRCm38.primary_assembly.genome.fa : chr # 37  "GL456368.1" chrStart: 2727837696
mouse_GRCm38/GRCm38.primary_assembly.genome.fa : chr # 38  "GL456370.1" chrStart: 2727870464
mouse_GRCm38/GRCm38.primary_assembly.genome.fa : chr # 39  "GL456372.1" chrStart: 2727903232
mouse_GRCm38/GRCm38.primary_assembly.genome.fa : chr # 40  "GL456378.1" chrStart: 2727936000
mouse_GRCm38/GRCm38.primary_assembly.genome.fa : chr # 41  "GL456379.1" chrStart: 2727968768
mouse_GRCm38/GRCm38.primary_assembly.genome.fa : chr # 42  "GL456381.1" chrStart: 2728050688
mouse_GRCm38/GRCm38.primary_assembly.genome.fa : chr # 43  "GL456382.1" chrStart: 2728083456
mouse_GRCm38/GRCm38.primary_assembly.genome.fa : chr # 44  "GL456383.1" chrStart: 2728116224
mouse_GRCm38/GRCm38.primary_assembly.genome.fa : chr # 45  "GL456385.1" chrStart: 2728165376
mouse_GRCm38/GRCm38.primary_assembly.genome.fa : chr # 46  "GL456387.1" chrStart: 2728214528
mouse_GRCm38/GRCm38.primary_assembly.genome.fa : chr # 47  "GL456389.1" chrStart: 2728247296
mouse_GRCm38/GRCm38.primary_assembly.genome.fa : chr # 48  "GL456390.1" chrStart: 2728280064
mouse_GRCm38/GRCm38.primary_assembly.genome.fa : chr # 49  "GL456392.1" chrStart: 2728312832
mouse_GRCm38/GRCm38.primary_assembly.genome.fa : chr # 50  "GL456393.1" chrStart: 2728345600
mouse_GRCm38/GRCm38.primary_assembly.genome.fa : chr # 51  "GL456394.1" chrStart: 2728411136
mouse_GRCm38/GRCm38.primary_assembly.genome.fa : chr # 52  "GL456396.1" chrStart: 2728443904
mouse_GRCm38/GRCm38.primary_assembly.genome.fa : chr # 53  "JH584292.1" chrStart: 2728476672
mouse_GRCm38/GRCm38.primary_assembly.genome.fa : chr # 54  "JH584293.1" chrStart: 2728493056
mouse_GRCm38/GRCm38.primary_assembly.genome.fa : chr # 55  "JH584294.1" chrStart: 2728706048
mouse_GRCm38/GRCm38.primary_assembly.genome.fa : chr # 56  "JH584295.1" chrStart: 2728902656
mouse_GRCm38/GRCm38.primary_assembly.genome.fa : chr # 57  "JH584296.1" chrStart: 2728919040
mouse_GRCm38/GRCm38.primary_assembly.genome.fa : chr # 58  "JH584297.1" chrStart: 2729132032
mouse_GRCm38/GRCm38.primary_assembly.genome.fa : chr # 59  "JH584298.1" chrStart: 2729345024
mouse_GRCm38/GRCm38.primary_assembly.genome.fa : chr # 60  "JH584299.1" chrStart: 2729541632
mouse_GRCm38/GRCm38.primary_assembly.genome.fa : chr # 61  "JH584300.1" chrStart: 2730508288
mouse_GRCm38/GRCm38.primary_assembly.genome.fa : chr # 62  "JH584301.1" chrStart: 2730704896
mouse_GRCm38/GRCm38.primary_assembly.genome.fa : chr # 63  "JH584302.1" chrStart: 2730967040
mouse_GRCm38/GRCm38.primary_assembly.genome.fa : chr # 64  "JH584303.1" chrStart: 2731130880
mouse_GRCm38/GRCm38.primary_assembly.genome.fa : chr # 65  "JH584304.1" chrStart: 2731294720
Number of SA indices: 5305567000
Oct 06 17:25:24 ... starting to sort Suffix Array. This may take a long time...
Number of chunks: 3;   chunks size limit: 15322296704 bytes
Oct 06 17:25:39 ... sorting Suffix Array chunks and saving them to disk...
Writing 15305789016 bytes into STAR_genome//SA_0 ; empty space on disk = 91999577047040 bytes ... done
Writing 15187164384 bytes into STAR_genome//SA_1 ; empty space on disk = 91987513835520 bytes ... done
Writing 11951582600 bytes into STAR_genome//SA_2 ; empty space on disk = 91975174193152 bytes ... done
Oct 06 18:54:33 ... loading chunks from disk, packing SA...
Oct 06 18:55:23 ... finished generating suffix array
Oct 06 18:55:23 ... generating Suffix Array index
Oct 06 18:58:54 ... completed Suffix Array index
Oct 06 18:58:54 ..... processing annotations GTF
Processing sjdbGTFfile=mouse_GRCm38/gencode.vM19.annotation.gtf, found:
		137767 transcripts
		813414 exons (non-collapsed)
		280650 collapsed junctions
Oct 06 18:59:03 ..... finished GTF processing
Oct 06 18:59:03   Loaded database junctions from the GTF file: mouse_GRCm38/gencode.vM19.annotation.gtf: 280650 total junctions

WARNING: long repeat for junction # 80932 : chr5 112774527 112775017; left shift = 255; right shift = 69
WARNING: long repeat for junction # 83284 : chr5 123190235 123190960; left shift = 255; right shift = 19
WARNING: long repeat for junction # 92321 : chr6 48754635 48755196; left shift = 81; right shift = 255
WARNING: long repeat for junction # 124073 : chr7 141808196 141810304; left shift = 255; right shift = 255
WARNING: long repeat for junction # 201578 : chr13 36008518 36189203; left shift = 255; right shift = 29
WARNING: long repeat for junction # 209079 : chr13 119495135 119609191; left shift = 36; right shift = 255
Oct 06 18:59:03   Finished preparing junctions
Oct 06 18:59:03 ..... inserting junctions into the genome indices
Oct 06 19:05:24   Finished SA search: number of new junctions=280581, old junctions=0
Oct 06 19:05:47   Finished sorting SA indicesL nInd=83051774
Oct 06 19:06:43   Finished inserting junction indices
Oct 06 19:06:59   Finished SAi
Oct 06 19:06:59 ..... finished inserting junctions into genome
Oct 06 19:06:59 ... writing Genome to disk ...
Writing 2773215977 bytes into STAR_genome//Genome ; empty space on disk = 91999663554560 bytes ... done
SA size in bytes: 22228052446
Oct 06 19:07:09 ... writing Suffix Array to disk ...
Writing 22228052446 bytes into STAR_genome//SA ; empty space on disk = 91997795909632 bytes ... done
Oct 06 19:08:11 ... writing SAindex to disk
Writing 8 bytes into STAR_genome//SAindex ; empty space on disk = 91975886569472 bytes ... done
Writing 120 bytes into STAR_genome//SAindex ; empty space on disk = 91975886569472 bytes ... done
Writing 1565873491 bytes into STAR_genome//SAindex ; empty space on disk = 91975886569472 bytes ... done
Oct 06 19:08:16 ..... finished successfully
DONE: Genome generation, EXITING
